2013-10-26 16:12:13,211 [ModalContext] INFO  c.n.h.c.p.n.NettyAsyncHttpProvider - Number of application's worked threads is 8
2013-10-26 16:12:21,553 [ModalContext] INFO  o.e.m.c.i.p.ProjectConfigurationManager - Collecting project info '/pom.xml' /home/vickievick/stuffws/stuffsystem/pom.xml
2013-10-26 16:12:21,553 [ModalContext] INFO  o.e.m.c.i.p.ProjectConfigurationManager - Collecting project info 'ejb/pom.xml' /home/vickievick/stuffws/stuffsystem/ejb/pom.xml
2013-10-26 16:12:21,553 [ModalContext] INFO  o.e.m.c.i.p.ProjectConfigurationManager - Collecting project info 'web/pom.xml' /home/vickievick/stuffws/stuffsystem/web/pom.xml
2013-10-26 16:12:21,553 [ModalContext] INFO  o.e.m.c.i.p.ProjectConfigurationManager - Collecting project info 'ear/pom.xml' /home/vickievick/stuffws/stuffsystem/ear/pom.xml
2013-10-26 16:12:23,625 [ModalContext] INFO  o.e.m.c.i.l.LifecycleMappingFactory - Using NULL lifecycle mapping for MavenProject: com.stuffsystem:stuffsystem:0.0.1-SNAPSHOT @ /home/vickievick/stuffws/stuffsystem/pom.xml.
2013-10-26 16:12:24,819 [ModalContext] INFO  o.e.m.c.i.l.LifecycleMappingFactory - Using org.maven.ide.eclipse.wtp.EjbLifecycleMapping lifecycle mapping for MavenProject: com.stuffsystem:stuffsystem-ejb:0.0.1-SNAPSHOT @ /home/vickievick/stuffws/stuffsystem/ejb/pom.xml.
2013-10-26 16:12:29,611 [ModalContext] INFO  o.e.m.c.i.l.LifecycleMappingFactory - Using org.maven.ide.eclipse.wtp.WarLifecycleMapping lifecycle mapping for MavenProject: com.stuffsystem:stuffsystem-web:0.0.1-SNAPSHOT @ /home/vickievick/stuffws/stuffsystem/web/pom.xml.
2013-10-26 16:12:29,856 [ModalContext] INFO  o.e.m.c.i.l.LifecycleMappingFactory - Using org.maven.ide.eclipse.wtp.EarLifecycleMapping lifecycle mapping for MavenProject: com.stuffsystem:stuffsystem-ear:0.0.1-SNAPSHOT @ /home/vickievick/stuffws/stuffsystem/ear/pom.xml.
2013-10-26 16:12:30,987 [ModalContext] INFO  o.e.m.j.i.AbstractJavaProjectConfigurator - Adding source folder /stuffsystem-ejb/src/main/java
2013-10-26 16:12:30,988 [ModalContext] INFO  o.e.m.j.i.AbstractJavaProjectConfigurator - Adding resource folder /stuffsystem-ejb/src/main/resources
2013-10-26 16:12:30,992 [ModalContext] INFO  o.e.m.j.i.AbstractJavaProjectConfigurator - Adding source folder /stuffsystem-ejb/src/test/java
2013-10-26 16:12:30,992 [ModalContext] INFO  o.e.m.j.i.AbstractJavaProjectConfigurator - Adding resource folder /stuffsystem-ejb/src/test/resources
2013-10-26 16:12:34,840 [ModalContext] INFO  o.e.m.j.i.AbstractJavaProjectConfigurator - Adding source folder /stuffsystem-web/src/main/java
2013-10-26 16:12:34,841 [ModalContext] INFO  o.e.m.j.i.AbstractJavaProjectConfigurator - Adding source folder /stuffsystem-web/src/test/java
2013-10-26 16:12:37,650 [ModalContext] INFO  o.e.m.c.i.p.ProjectConfigurationManager - Project import completed 16 sec
2013-10-26 16:12:38,565 [Worker-8] INFO  o.e.m.c.i.l.LifecycleMappingFactory - Using org.maven.ide.eclipse.wtp.EarLifecycleMapping lifecycle mapping for MavenProject: com.stuffsystem:stuffsystem-ear:0.0.1-SNAPSHOT @ /home/vickievick/stuffws/stuffsystem/ear/pom.xml.
2013-10-26 16:12:40,218 [Worker-8] INFO  o.e.m.c.i.embedder.EclipseLogger - Generating application.xml
2013-10-26 16:12:40,958 [Worker-8] INFO  o.e.m.c.i.embedder.EclipseLogger - Using 'UTF-8' encoding to copy filtered resources.
2013-10-26 16:12:40,959 [Worker-8] INFO  o.e.m.c.i.embedder.EclipseLogger - skip non existing resourceDirectory /home/vickievick/stuffws/stuffsystem/ear/src/main/resources
2013-10-26 16:12:42,255 [Worker-8] INFO  o.e.m.c.i.l.LifecycleMappingFactory - Using org.maven.ide.eclipse.wtp.EjbLifecycleMapping lifecycle mapping for MavenProject: com.stuffsystem:stuffsystem-ejb:0.0.1-SNAPSHOT @ /home/vickievick/stuffws/stuffsystem/ejb/pom.xml.
2013-10-26 16:12:45,028 [Worker-8] INFO  o.e.m.c.i.embedder.EclipseLogger - Using 'UTF-8' encoding to copy filtered resources.
2013-10-26 16:12:45,031 [Worker-8] INFO  o.e.m.c.i.embedder.EclipseLogger - Copying 3 resources
2013-10-26 16:12:45,041 [Worker-8] INFO  o.e.m.c.i.embedder.EclipseLogger - Using 'UTF-8' encoding to copy filtered resources.
2013-10-26 16:12:45,042 [Worker-8] INFO  o.e.m.c.i.embedder.EclipseLogger - Copying 3 resources
2013-10-26 16:12:45,676 [Worker-8] INFO  o.e.m.c.i.l.LifecycleMappingFactory - Using org.maven.ide.eclipse.wtp.WarLifecycleMapping lifecycle mapping for MavenProject: com.stuffsystem:stuffsystem-web:0.0.1-SNAPSHOT @ /home/vickievick/stuffws/stuffsystem/web/pom.xml.
2013-10-26 16:12:52,572 [Worker-8] INFO  o.e.m.c.i.embedder.EclipseLogger - Using 'UTF-8' encoding to copy filtered resources.
2013-10-26 16:12:52,572 [Worker-8] INFO  o.e.m.c.i.embedder.EclipseLogger - skip non existing resourceDirectory /home/vickievick/stuffws/stuffsystem/web/src/main/resources
2013-10-26 16:12:52,573 [Worker-8] INFO  o.e.m.c.i.embedder.EclipseLogger - Using 'UTF-8' encoding to copy filtered resources.
2013-10-26 16:12:52,573 [Worker-8] INFO  o.e.m.c.i.embedder.EclipseLogger - skip non existing resourceDirectory /home/vickievick/stuffws/stuffsystem/web/src/test/resources
2013-10-26 16:12:53,006 [Worker-18] INFO  o.e.m.c.i.l.LifecycleMappingFactory - Using NULL lifecycle mapping for MavenProject: com.stuffsystem:stuffsystem:0.0.1-SNAPSHOT @ /home/vickievick/stuffws/stuffsystem/pom.xml.
2013-10-26 16:12:53,176 [Worker-18] INFO  o.e.m.c.i.l.LifecycleMappingFactory - Using org.maven.ide.eclipse.wtp.EarLifecycleMapping lifecycle mapping for MavenProject: com.stuffsystem:stuffsystem-ear:0.0.1-SNAPSHOT @ /home/vickievick/stuffws/stuffsystem/ear/pom.xml.
2013-10-26 16:12:53,306 [Worker-18] INFO  o.e.m.c.i.l.LifecycleMappingFactory - Using org.maven.ide.eclipse.wtp.EjbLifecycleMapping lifecycle mapping for MavenProject: com.stuffsystem:stuffsystem-ejb:0.0.1-SNAPSHOT @ /home/vickievick/stuffws/stuffsystem/ejb/pom.xml.
2013-10-26 16:12:54,672 [Worker-18] INFO  o.e.m.c.i.l.LifecycleMappingFactory - Using org.maven.ide.eclipse.wtp.WarLifecycleMapping lifecycle mapping for MavenProject: com.stuffsystem:stuffsystem-web:0.0.1-SNAPSHOT @ /home/vickievick/stuffws/stuffsystem/web/pom.xml.
2013-10-26 16:12:54,777 [Worker-18] INFO  o.e.m.c.i.l.LifecycleMappingFactory - Using org.maven.ide.eclipse.wtp.EarLifecycleMapping lifecycle mapping for MavenProject: com.stuffsystem:stuffsystem-ear:0.0.1-SNAPSHOT @ /home/vickievick/stuffws/stuffsystem/ear/pom.xml.
2013-10-26 16:12:55,639 [Worker-18] INFO  o.e.m.c.i.l.LifecycleMappingFactory - Using org.maven.ide.eclipse.wtp.EjbLifecycleMapping lifecycle mapping for MavenProject: com.stuffsystem:stuffsystem-ejb:0.0.1-SNAPSHOT @ /home/vickievick/stuffws/stuffsystem/ejb/pom.xml.
2013-10-26 16:12:56,954 [Worker-18] INFO  o.e.m.c.i.l.LifecycleMappingFactory - Using org.maven.ide.eclipse.wtp.WarLifecycleMapping lifecycle mapping for MavenProject: com.stuffsystem:stuffsystem-web:0.0.1-SNAPSHOT @ /home/vickievick/stuffws/stuffsystem/web/pom.xml.
2013-10-26 16:12:59,189 [Worker-18] INFO  o.e.m.c.i.embedder.EclipseLogger - Generating application.xml
2013-10-26 16:25:13,517 [Worker-5] INFO  o.e.m.c.i.embedder.EclipseLogger - Using 'UTF-8' encoding to copy filtered resources.
2013-10-26 16:25:13,522 [Worker-5] INFO  o.e.m.c.i.embedder.EclipseLogger - skip non existing resourceDirectory /home/vickievick/stuffws/stuffsystem/ear/src/main/resources
2013-10-26 16:25:18,348 [Worker-5] INFO  o.e.m.c.i.l.LifecycleMappingFactory - Using org.maven.ide.eclipse.wtp.EjbLifecycleMapping lifecycle mapping for MavenProject: com.stuffsystem:stuffsystem-ejb:0.0.1-SNAPSHOT @ /home/vickievick/stuffws/stuffsystem/ejb/pom.xml.
2013-10-26 16:25:20,406 [Worker-5] INFO  o.e.m.c.i.embedder.EclipseLogger - Using 'UTF-8' encoding to copy filtered resources.
2013-10-26 16:25:20,411 [Worker-5] INFO  o.e.m.c.i.embedder.EclipseLogger - Copying 3 resources
2013-10-26 16:25:20,421 [Worker-5] INFO  o.e.m.c.i.embedder.EclipseLogger - Using 'UTF-8' encoding to copy filtered resources.
2013-10-26 16:25:20,422 [Worker-5] INFO  o.e.m.c.i.embedder.EclipseLogger - Copying 3 resources
2013-10-26 16:25:21,566 [Worker-3] INFO  o.e.m.c.i.l.LifecycleMappingFactory - Using org.maven.ide.eclipse.wtp.WarLifecycleMapping lifecycle mapping for MavenProject: com.stuffsystem:stuffsystem-web:0.0.1-SNAPSHOT @ /home/vickievick/stuffws/stuffsystem/web/pom.xml.
2013-10-26 16:25:21,898 [Worker-3] INFO  o.e.m.c.i.embedder.EclipseLogger - Using 'UTF-8' encoding to copy filtered resources.
2013-10-26 16:25:21,899 [Worker-3] INFO  o.e.m.c.i.embedder.EclipseLogger - skip non existing resourceDirectory /home/vickievick/stuffws/stuffsystem/web/src/main/resources
2013-10-26 16:25:21,900 [Worker-3] INFO  o.e.m.c.i.embedder.EclipseLogger - Using 'UTF-8' encoding to copy filtered resources.
2013-10-26 16:25:21,900 [Worker-3] INFO  o.e.m.c.i.embedder.EclipseLogger - skip non existing resourceDirectory /home/vickievick/stuffws/stuffsystem/web/src/test/resources
2013-10-26 16:25:27,050 [Worker-8] INFO  o.e.m.c.i.embedder.EclipseLogger - Using 'UTF-8' encoding to copy filtered resources.
2013-10-26 16:25:27,050 [Worker-8] INFO  o.e.m.c.i.embedder.EclipseLogger - skip non existing resourceDirectory /home/vickievick/stuffws/stuffsystem/web/src/main/resources
2013-10-26 16:25:27,051 [Worker-8] INFO  o.e.m.c.i.embedder.EclipseLogger - Using 'UTF-8' encoding to copy filtered resources.
2013-10-26 16:25:27,052 [Worker-8] INFO  o.e.m.c.i.embedder.EclipseLogger - skip non existing resourceDirectory /home/vickievick/stuffws/stuffsystem/web/src/test/resources
2013-10-26 16:25:41,948 [Worker-5] INFO  o.e.m.c.i.l.LifecycleMappingFactory - Using NULL lifecycle mapping for MavenProject: com.stuffsystem:stuffsystem:0.0.1-SNAPSHOT @ /home/vickievick/stuffws/stuffsystem/pom.xml.
2013-10-26 16:25:42,007 [Worker-5] INFO  o.e.m.c.i.l.LifecycleMappingFactory - Using org.maven.ide.eclipse.wtp.EarLifecycleMapping lifecycle mapping for MavenProject: com.stuffsystem:stuffsystem-ear:0.0.1-SNAPSHOT @ /home/vickievick/stuffws/stuffsystem/ear/pom.xml.
2013-10-26 16:25:42,181 [Worker-5] INFO  o.e.m.c.i.l.LifecycleMappingFactory - Using org.maven.ide.eclipse.wtp.EjbLifecycleMapping lifecycle mapping for MavenProject: com.stuffsystem:stuffsystem-ejb:0.0.1-SNAPSHOT @ /home/vickievick/stuffws/stuffsystem/ejb/pom.xml.
2013-10-26 16:25:43,400 [Worker-5] INFO  o.e.m.c.i.l.LifecycleMappingFactory - Using org.maven.ide.eclipse.wtp.WarLifecycleMapping lifecycle mapping for MavenProject: com.stuffsystem:stuffsystem-web:0.0.1-SNAPSHOT @ /home/vickievick/stuffws/stuffsystem/web/pom.xml.
2013-10-26 16:25:43,717 [Worker-5] INFO  o.e.m.c.i.embedder.EclipseLogger - Generating application.xml
2013-10-26 16:25:44,506 [Worker-5] INFO  o.e.m.c.i.embedder.EclipseLogger - Using 'UTF-8' encoding to copy filtered resources.
2013-10-26 16:25:44,506 [Worker-5] INFO  o.e.m.c.i.embedder.EclipseLogger - skip non existing resourceDirectory /home/vickievick/stuffws/stuffsystem/ear/src/main/resources
2013-10-26 16:25:44,637 [Worker-5] INFO  o.e.m.c.i.embedder.EclipseLogger - Using 'UTF-8' encoding to copy filtered resources.
2013-10-26 16:25:44,641 [Worker-5] INFO  o.e.m.c.i.embedder.EclipseLogger - Copying 3 resources
2013-10-26 16:25:44,643 [Worker-5] INFO  o.e.m.c.i.embedder.EclipseLogger - Using 'UTF-8' encoding to copy filtered resources.
2013-10-26 16:25:44,644 [Worker-5] INFO  o.e.m.c.i.embedder.EclipseLogger - Copying 3 resources
2013-10-26 16:25:44,704 [Worker-5] INFO  o.e.m.c.i.embedder.EclipseLogger - Using 'UTF-8' encoding to copy filtered resources.
2013-10-26 16:25:44,704 [Worker-5] INFO  o.e.m.c.i.embedder.EclipseLogger - skip non existing resourceDirectory /home/vickievick/stuffws/stuffsystem/web/src/main/resources
2013-10-26 16:25:44,706 [Worker-5] INFO  o.e.m.c.i.embedder.EclipseLogger - Using 'UTF-8' encoding to copy filtered resources.
2013-10-26 16:25:44,706 [Worker-5] INFO  o.e.m.c.i.embedder.EclipseLogger - skip non existing resourceDirectory /home/vickievick/stuffws/stuffsystem/web/src/test/resources
2013-10-26 16:26:15,663 [Worker-2] INFO  o.e.m.w.i.f.ResourceFilteringBuildParticipant - Cleaning filtered folder for stuffsystem-ear
2013-10-26 16:26:15,687 [Worker-2] INFO  o.e.m.w.i.f.ResourceFilteringBuildParticipant - Cleaning filtered folder for stuffsystem-web
2013-10-26 16:26:16,022 [Worker-2] INFO  o.e.m.c.i.embedder.EclipseLogger - Generating application.xml
2013-10-26 16:26:16,027 [Worker-2] INFO  o.e.m.c.i.embedder.EclipseLogger - Using 'UTF-8' encoding to copy filtered resources.
2013-10-26 16:26:16,027 [Worker-2] INFO  o.e.m.c.i.embedder.EclipseLogger - skip non existing resourceDirectory /home/vickievick/stuffws/stuffsystem/ear/src/main/resources
2013-10-26 16:26:16,248 [Worker-2] INFO  o.e.m.c.i.embedder.EclipseLogger - Using 'UTF-8' encoding to copy filtered resources.
2013-10-26 16:26:16,251 [Worker-2] INFO  o.e.m.c.i.embedder.EclipseLogger - Copying 3 resources
2013-10-26 16:26:16,253 [Worker-2] INFO  o.e.m.c.i.embedder.EclipseLogger - Using 'UTF-8' encoding to copy filtered resources.
2013-10-26 16:26:16,254 [Worker-2] INFO  o.e.m.c.i.embedder.EclipseLogger - Copying 3 resources
2013-10-26 16:26:16,402 [Worker-2] INFO  o.e.m.c.i.embedder.EclipseLogger - Using 'UTF-8' encoding to copy filtered resources.
2013-10-26 16:26:16,402 [Worker-2] INFO  o.e.m.c.i.embedder.EclipseLogger - skip non existing resourceDirectory /home/vickievick/stuffws/stuffsystem/web/src/main/resources
2013-10-26 16:26:16,403 [Worker-2] INFO  o.e.m.c.i.embedder.EclipseLogger - Using 'UTF-8' encoding to copy filtered resources.
2013-10-26 16:26:16,404 [Worker-2] INFO  o.e.m.c.i.embedder.EclipseLogger - skip non existing resourceDirectory /home/vickievick/stuffws/stuffsystem/web/src/test/resources
2013-10-26 16:43:42,074 [Worker-4] INFO  o.e.m.c.i.embedder.EclipseLogger - Using 'UTF-8' encoding to copy filtered resources.
2013-10-26 16:43:42,084 [Worker-4] INFO  o.e.m.c.i.embedder.EclipseLogger - Copying 3 resources
2013-10-26 16:43:42,094 [Worker-4] INFO  o.e.m.c.i.embedder.EclipseLogger - Using 'UTF-8' encoding to copy filtered resources.
2013-10-26 16:43:42,097 [Worker-4] INFO  o.e.m.c.i.embedder.EclipseLogger - Copying 3 resources
2013-10-26 16:43:48,428 [Worker-0] INFO  o.e.m.c.i.embedder.EclipseLogger - Using 'UTF-8' encoding to copy filtered resources.
2013-10-26 16:43:48,435 [Worker-0] INFO  o.e.m.c.i.embedder.EclipseLogger - Copying 3 resources
2013-10-26 16:43:48,437 [Worker-0] INFO  o.e.m.c.i.embedder.EclipseLogger - Using 'UTF-8' encoding to copy filtered resources.
2013-10-26 16:43:48,438 [Worker-0] INFO  o.e.m.c.i.embedder.EclipseLogger - Copying 3 resources
2013-10-26 16:43:48,989 [Worker-0] INFO  o.e.m.c.i.embedder.EclipseLogger - Using 'UTF-8' encoding to copy filtered resources.
2013-10-26 16:43:48,989 [Worker-0] INFO  o.e.m.c.i.embedder.EclipseLogger - skip non existing resourceDirectory /home/vickievick/stuffws/stuffsystem/web/src/main/resources
2013-10-26 16:43:48,990 [Worker-0] INFO  o.e.m.c.i.embedder.EclipseLogger - Using 'UTF-8' encoding to copy filtered resources.
2013-10-26 16:43:48,990 [Worker-0] INFO  o.e.m.c.i.embedder.EclipseLogger - skip non existing resourceDirectory /home/vickievick/stuffws/stuffsystem/web/src/test/resources
2013-10-26 16:44:42,106 [Worker-2] INFO  o.e.m.w.i.f.ResourceFilteringBuildParticipant - Cleaning filtered folder for stuffsystem-ear
2013-10-26 16:44:42,145 [Worker-2] INFO  o.e.m.w.i.f.ResourceFilteringBuildParticipant - Cleaning filtered folder for stuffsystem-web
2013-10-26 16:44:42,624 [Worker-2] INFO  o.e.m.c.i.embedder.EclipseLogger - Generating application.xml
2013-10-26 16:44:42,792 [Worker-2] INFO  o.e.m.c.i.embedder.EclipseLogger - Using 'UTF-8' encoding to copy filtered resources.
2013-10-26 16:44:42,792 [Worker-2] INFO  o.e.m.c.i.embedder.EclipseLogger - skip non existing resourceDirectory /home/vickievick/stuffws/stuffsystem/ear/src/main/resources
2013-10-26 16:44:43,102 [Worker-2] INFO  o.e.m.c.i.embedder.EclipseLogger - Using 'UTF-8' encoding to copy filtered resources.
2013-10-26 16:44:43,103 [Worker-2] INFO  o.e.m.c.i.embedder.EclipseLogger - Copying 3 resources
2013-10-26 16:44:43,108 [Worker-2] INFO  o.e.m.c.i.embedder.EclipseLogger - Using 'UTF-8' encoding to copy filtered resources.
2013-10-26 16:44:43,109 [Worker-2] INFO  o.e.m.c.i.embedder.EclipseLogger - Copying 3 resources
2013-10-26 16:44:43,231 [Worker-2] INFO  o.e.m.c.i.embedder.EclipseLogger - Using 'UTF-8' encoding to copy filtered resources.
2013-10-26 16:44:43,231 [Worker-2] INFO  o.e.m.c.i.embedder.EclipseLogger - skip non existing resourceDirectory /home/vickievick/stuffws/stuffsystem/web/src/main/resources
2013-10-26 16:44:43,235 [Worker-2] INFO  o.e.m.c.i.embedder.EclipseLogger - Using 'UTF-8' encoding to copy filtered resources.
2013-10-26 16:44:43,236 [Worker-2] INFO  o.e.m.c.i.embedder.EclipseLogger - skip non existing resourceDirectory /home/vickievick/stuffws/stuffsystem/web/src/test/resources
2013-10-26 16:44:59,812 [Worker-2] INFO  o.e.m.w.i.f.ResourceFilteringBuildParticipant - Cleaning filtered folder for stuffsystem-ear
2013-10-26 16:44:59,831 [Worker-2] INFO  o.e.m.w.i.f.ResourceFilteringBuildParticipant - Cleaning filtered folder for stuffsystem-web
2013-10-26 16:45:00,063 [Worker-3] INFO  o.e.m.c.i.embedder.EclipseLogger - Generating application.xml
2013-10-26 16:45:00,067 [Worker-3] INFO  o.e.m.c.i.embedder.EclipseLogger - Using 'UTF-8' encoding to copy filtered resources.
2013-10-26 16:45:00,067 [Worker-3] INFO  o.e.m.c.i.embedder.EclipseLogger - skip non existing resourceDirectory /home/vickievick/stuffws/stuffsystem/ear/src/main/resources
2013-10-26 16:45:00,221 [Worker-3] INFO  o.e.m.c.i.embedder.EclipseLogger - Using 'UTF-8' encoding to copy filtered resources.
2013-10-26 16:45:00,223 [Worker-3] INFO  o.e.m.c.i.embedder.EclipseLogger - Copying 3 resources
2013-10-26 16:45:00,228 [Worker-3] INFO  o.e.m.c.i.embedder.EclipseLogger - Using 'UTF-8' encoding to copy filtered resources.
2013-10-26 16:45:00,229 [Worker-3] INFO  o.e.m.c.i.embedder.EclipseLogger - Copying 3 resources
2013-10-26 16:45:00,332 [Worker-3] INFO  o.e.m.c.i.embedder.EclipseLogger - Using 'UTF-8' encoding to copy filtered resources.
2013-10-26 16:45:00,332 [Worker-3] INFO  o.e.m.c.i.embedder.EclipseLogger - skip non existing resourceDirectory /home/vickievick/stuffws/stuffsystem/web/src/main/resources
2013-10-26 16:45:00,334 [Worker-3] INFO  o.e.m.c.i.embedder.EclipseLogger - Using 'UTF-8' encoding to copy filtered resources.
2013-10-26 16:45:00,334 [Worker-3] INFO  o.e.m.c.i.embedder.EclipseLogger - skip non existing resourceDirectory /home/vickievick/stuffws/stuffsystem/web/src/test/resources
2013-10-26 16:45:42,216 [Worker-6] INFO  o.e.m.w.i.f.ResourceFilteringBuildParticipant - Cleaning filtered folder for stuffsystem-ear
2013-10-26 16:45:42,254 [Worker-6] INFO  o.e.m.w.i.f.ResourceFilteringBuildParticipant - Cleaning filtered folder for stuffsystem-web
2013-10-26 16:45:42,493 [Worker-3] INFO  o.e.m.c.i.embedder.EclipseLogger - Generating application.xml
2013-10-26 16:45:42,497 [Worker-3] INFO  o.e.m.c.i.embedder.EclipseLogger - Using 'UTF-8' encoding to copy filtered resources.
2013-10-26 16:45:42,497 [Worker-3] INFO  o.e.m.c.i.embedder.EclipseLogger - skip non existing resourceDirectory /home/vickievick/stuffws/stuffsystem/ear/src/main/resources
2013-10-26 16:45:42,626 [Worker-3] INFO  o.e.m.c.i.embedder.EclipseLogger - Using 'UTF-8' encoding to copy filtered resources.
2013-10-26 16:45:42,626 [Worker-3] INFO  o.e.m.c.i.embedder.EclipseLogger - Copying 3 resources
2013-10-26 16:45:42,630 [Worker-3] INFO  o.e.m.c.i.embedder.EclipseLogger - Using 'UTF-8' encoding to copy filtered resources.
2013-10-26 16:45:42,631 [Worker-3] INFO  o.e.m.c.i.embedder.EclipseLogger - Copying 3 resources
2013-10-26 16:45:42,727 [Worker-3] INFO  o.e.m.c.i.embedder.EclipseLogger - Using 'UTF-8' encoding to copy filtered resources.
2013-10-26 16:45:42,727 [Worker-3] INFO  o.e.m.c.i.embedder.EclipseLogger - skip non existing resourceDirectory /home/vickievick/stuffws/stuffsystem/web/src/main/resources
2013-10-26 16:45:42,728 [Worker-3] INFO  o.e.m.c.i.embedder.EclipseLogger - Using 'UTF-8' encoding to copy filtered resources.
2013-10-26 16:45:42,728 [Worker-3] INFO  o.e.m.c.i.embedder.EclipseLogger - skip non existing resourceDirectory /home/vickievick/stuffws/stuffsystem/web/src/test/resources
2013-10-26 17:06:59,372 [Worker-6] INFO  o.e.m.c.i.embedder.EclipseLogger - Using 'UTF-8' encoding to copy filtered resources.
2013-10-26 17:06:59,377 [Worker-6] INFO  o.e.m.c.i.embedder.EclipseLogger - skip non existing resourceDirectory /home/vickievick/stuffws/stuffsystem/web/src/main/resources
2013-10-26 17:06:59,379 [Worker-6] INFO  o.e.m.c.i.embedder.EclipseLogger - Using 'UTF-8' encoding to copy filtered resources.
2013-10-26 17:06:59,379 [Worker-6] INFO  o.e.m.c.i.embedder.EclipseLogger - skip non existing resourceDirectory /home/vickievick/stuffws/stuffsystem/web/src/test/resources
2013-10-26 17:07:12,109 [Worker-6] INFO  o.e.m.w.i.f.ResourceFilteringBuildParticipant - Cleaning filtered folder for stuffsystem-ear
2013-10-26 17:07:13,719 [Worker-6] INFO  o.e.m.w.i.f.ResourceFilteringBuildParticipant - Cleaning filtered folder for stuffsystem-web
2013-10-26 17:07:14,330 [Worker-4] INFO  o.e.m.c.i.embedder.EclipseLogger - Generating application.xml
2013-10-26 17:07:15,098 [Worker-4] INFO  o.e.m.c.i.embedder.EclipseLogger - Using 'UTF-8' encoding to copy filtered resources.
2013-10-26 17:07:15,098 [Worker-4] INFO  o.e.m.c.i.embedder.EclipseLogger - skip non existing resourceDirectory /home/vickievick/stuffws/stuffsystem/ear/src/main/resources
2013-10-26 17:07:15,512 [Worker-4] INFO  o.e.m.c.i.embedder.EclipseLogger - Using 'UTF-8' encoding to copy filtered resources.
2013-10-26 17:07:15,517 [Worker-4] INFO  o.e.m.c.i.embedder.EclipseLogger - Copying 3 resources
2013-10-26 17:07:15,527 [Worker-4] INFO  o.e.m.c.i.embedder.EclipseLogger - Using 'UTF-8' encoding to copy filtered resources.
2013-10-26 17:07:15,528 [Worker-4] INFO  o.e.m.c.i.embedder.EclipseLogger - Copying 3 resources
2013-10-26 17:07:15,991 [Worker-4] INFO  o.e.m.c.i.embedder.EclipseLogger - Using 'UTF-8' encoding to copy filtered resources.
2013-10-26 17:07:15,991 [Worker-4] INFO  o.e.m.c.i.embedder.EclipseLogger - skip non existing resourceDirectory /home/vickievick/stuffws/stuffsystem/web/src/main/resources
2013-10-26 17:07:15,992 [Worker-4] INFO  o.e.m.c.i.embedder.EclipseLogger - Using 'UTF-8' encoding to copy filtered resources.
2013-10-26 17:07:15,993 [Worker-4] INFO  o.e.m.c.i.embedder.EclipseLogger - skip non existing resourceDirectory /home/vickievick/stuffws/stuffsystem/web/src/test/resources
2013-10-26 17:07:25,129 [Worker-2] INFO  o.e.m.c.i.embedder.EclipseLogger - Using 'UTF-8' encoding to copy filtered resources.
2013-10-26 17:07:25,131 [Worker-2] INFO  o.e.m.c.i.embedder.EclipseLogger - Copying 0 resource
2013-10-26 17:07:25,133 [Worker-2] INFO  o.e.m.c.i.embedder.EclipseLogger - Using 'UTF-8' encoding to copy filtered resources.
2013-10-26 17:07:25,136 [Worker-2] INFO  o.e.m.c.i.embedder.EclipseLogger - Copying 3 resources
2013-10-26 17:07:40,756 [main] INFO  o.e.m.c.i.l.LifecycleMappingFactory - Using NULL lifecycle mapping for MavenProject: com.stuffsystem:stuffsystem:0.0.1-SNAPSHOT @ /home/vickievick/stuffws/stuffsystem/pom.xml.
2013-10-26 17:08:22,659 [Worker-6] INFO  o.e.m.w.i.f.ResourceFilteringBuildParticipant - Cleaning filtered folder for stuffsystem-ear
2013-10-26 17:08:22,677 [Worker-6] INFO  o.e.m.w.i.f.ResourceFilteringBuildParticipant - Cleaning filtered folder for stuffsystem-web
2013-10-26 17:08:22,895 [Worker-2] INFO  o.e.m.c.i.embedder.EclipseLogger - Generating application.xml
2013-10-26 17:08:22,899 [Worker-2] INFO  o.e.m.c.i.embedder.EclipseLogger - Using 'UTF-8' encoding to copy filtered resources.
2013-10-26 17:08:22,899 [Worker-2] INFO  o.e.m.c.i.embedder.EclipseLogger - skip non existing resourceDirectory /home/vickievick/stuffws/stuffsystem/ear/src/main/resources
2013-10-26 17:08:23,053 [Worker-2] INFO  o.e.m.c.i.embedder.EclipseLogger - Using 'UTF-8' encoding to copy filtered resources.
2013-10-26 17:08:23,053 [Worker-2] INFO  o.e.m.c.i.embedder.EclipseLogger - Copying 3 resources
2013-10-26 17:08:23,056 [Worker-2] INFO  o.e.m.c.i.embedder.EclipseLogger - Using 'UTF-8' encoding to copy filtered resources.
2013-10-26 17:08:23,057 [Worker-2] INFO  o.e.m.c.i.embedder.EclipseLogger - Copying 3 resources
2013-10-26 17:08:23,167 [Worker-2] INFO  o.e.m.c.i.embedder.EclipseLogger - Using 'UTF-8' encoding to copy filtered resources.
2013-10-26 17:08:23,167 [Worker-2] INFO  o.e.m.c.i.embedder.EclipseLogger - skip non existing resourceDirectory /home/vickievick/stuffws/stuffsystem/web/src/main/resources
2013-10-26 17:08:23,169 [Worker-2] INFO  o.e.m.c.i.embedder.EclipseLogger - Using 'UTF-8' encoding to copy filtered resources.
2013-10-26 17:08:23,169 [Worker-2] INFO  o.e.m.c.i.embedder.EclipseLogger - skip non existing resourceDirectory /home/vickievick/stuffws/stuffsystem/web/src/test/resources
2013-10-26 17:08:29,739 [Worker-9] INFO  o.e.m.c.i.embedder.EclipseLogger - Using 'UTF-8' encoding to copy filtered resources.
2013-10-26 17:08:29,740 [Worker-9] INFO  o.e.m.c.i.embedder.EclipseLogger - Copying 0 resource
2013-10-26 17:08:29,749 [Worker-9] INFO  o.e.m.c.i.embedder.EclipseLogger - Using 'UTF-8' encoding to copy filtered resources.
2013-10-26 17:08:29,752 [Worker-9] INFO  o.e.m.c.i.embedder.EclipseLogger - Copying 3 resources
2013-10-26 17:09:31,259 [Worker-1] INFO  o.e.m.w.i.f.ResourceFilteringBuildParticipant - Cleaning filtered folder for stuffsystem-ear
2013-10-26 17:09:31,275 [Worker-1] INFO  o.e.m.w.i.f.ResourceFilteringBuildParticipant - Cleaning filtered folder for stuffsystem-web
2013-10-26 17:09:31,482 [Worker-7] INFO  o.e.m.c.i.embedder.EclipseLogger - Generating application.xml
2013-10-26 17:09:31,486 [Worker-7] INFO  o.e.m.c.i.embedder.EclipseLogger - Using 'UTF-8' encoding to copy filtered resources.
2013-10-26 17:09:31,486 [Worker-7] INFO  o.e.m.c.i.embedder.EclipseLogger - skip non existing resourceDirectory /home/vickievick/stuffws/stuffsystem/ear/src/main/resources
2013-10-26 17:09:31,628 [Worker-7] INFO  o.e.m.c.i.embedder.EclipseLogger - Using 'UTF-8' encoding to copy filtered resources.
2013-10-26 17:09:31,629 [Worker-7] INFO  o.e.m.c.i.embedder.EclipseLogger - Copying 3 resources
2013-10-26 17:09:31,633 [Worker-7] INFO  o.e.m.c.i.embedder.EclipseLogger - Using 'UTF-8' encoding to copy filtered resources.
2013-10-26 17:09:31,633 [Worker-7] INFO  o.e.m.c.i.embedder.EclipseLogger - Copying 3 resources
2013-10-26 17:09:31,721 [Worker-7] INFO  o.e.m.c.i.embedder.EclipseLogger - Using 'UTF-8' encoding to copy filtered resources.
2013-10-26 17:09:31,721 [Worker-7] INFO  o.e.m.c.i.embedder.EclipseLogger - skip non existing resourceDirectory /home/vickievick/stuffws/stuffsystem/web/src/main/resources
2013-10-26 17:09:31,723 [Worker-7] INFO  o.e.m.c.i.embedder.EclipseLogger - Using 'UTF-8' encoding to copy filtered resources.
2013-10-26 17:09:31,724 [Worker-7] INFO  o.e.m.c.i.embedder.EclipseLogger - skip non existing resourceDirectory /home/vickievick/stuffws/stuffsystem/web/src/test/resources
2013-10-26 17:09:43,063 [Worker-0] INFO  o.e.m.w.i.f.ResourceFilteringBuildParticipant - Cleaning filtered folder for stuffsystem-ear
2013-10-26 17:09:43,112 [Worker-0] INFO  o.e.m.w.i.f.ResourceFilteringBuildParticipant - Cleaning filtered folder for stuffsystem-web
2013-10-26 17:09:43,358 [Worker-8] INFO  o.e.m.c.i.embedder.EclipseLogger - Generating application.xml
2013-10-26 17:09:43,366 [Worker-8] INFO  o.e.m.c.i.embedder.EclipseLogger - Using 'UTF-8' encoding to copy filtered resources.
2013-10-26 17:09:43,366 [Worker-8] INFO  o.e.m.c.i.embedder.EclipseLogger - skip non existing resourceDirectory /home/vickievick/stuffws/stuffsystem/ear/src/main/resources
2013-10-26 17:09:43,530 [Worker-8] INFO  o.e.m.c.i.embedder.EclipseLogger - Using 'UTF-8' encoding to copy filtered resources.
2013-10-26 17:09:43,530 [Worker-8] INFO  o.e.m.c.i.embedder.EclipseLogger - Copying 3 resources
2013-10-26 17:09:43,532 [Worker-8] INFO  o.e.m.c.i.embedder.EclipseLogger - Using 'UTF-8' encoding to copy filtered resources.
2013-10-26 17:09:43,533 [Worker-8] INFO  o.e.m.c.i.embedder.EclipseLogger - Copying 3 resources
2013-10-26 17:09:43,965 [Worker-2] INFO  o.e.m.c.i.embedder.EclipseLogger - Using 'UTF-8' encoding to copy filtered resources.
2013-10-26 17:09:43,966 [Worker-2] INFO  o.e.m.c.i.embedder.EclipseLogger - skip non existing resourceDirectory /home/vickievick/stuffws/stuffsystem/web/src/main/resources
2013-10-26 17:09:43,967 [Worker-2] INFO  o.e.m.c.i.embedder.EclipseLogger - Using 'UTF-8' encoding to copy filtered resources.
2013-10-26 17:09:43,967 [Worker-2] INFO  o.e.m.c.i.embedder.EclipseLogger - skip non existing resourceDirectory /home/vickievick/stuffws/stuffsystem/web/src/test/resources
2013-10-26 17:10:03,086 [Worker-8] INFO  o.e.m.w.i.f.ResourceFilteringBuildParticipant - Cleaning filtered folder for stuffsystem-ear
2013-10-26 17:10:03,169 [Worker-8] INFO  o.e.m.w.i.f.ResourceFilteringBuildParticipant - Cleaning filtered folder for stuffsystem-web
2013-10-26 17:10:13,050 [Worker-0] INFO  o.e.m.c.i.embedder.EclipseLogger - Generating application.xml
2013-10-26 17:10:13,056 [Worker-0] INFO  o.e.m.c.i.embedder.EclipseLogger - Using 'UTF-8' encoding to copy filtered resources.
2013-10-26 17:10:13,056 [Worker-0] INFO  o.e.m.c.i.embedder.EclipseLogger - skip non existing resourceDirectory /home/vickievick/stuffws/stuffsystem/ear/src/main/resources
2013-10-26 17:10:13,213 [Worker-0] INFO  o.e.m.c.i.embedder.EclipseLogger - Using 'UTF-8' encoding to copy filtered resources.
2013-10-26 17:10:13,213 [Worker-0] INFO  o.e.m.c.i.embedder.EclipseLogger - Copying 3 resources
2013-10-26 17:10:13,215 [Worker-0] INFO  o.e.m.c.i.embedder.EclipseLogger - Using 'UTF-8' encoding to copy filtered resources.
2013-10-26 17:10:13,216 [Worker-0] INFO  o.e.m.c.i.embedder.EclipseLogger - Copying 3 resources
2013-10-26 17:10:13,332 [Worker-0] INFO  o.e.m.c.i.embedder.EclipseLogger - Using 'UTF-8' encoding to copy filtered resources.
2013-10-26 17:10:13,332 [Worker-0] INFO  o.e.m.c.i.embedder.EclipseLogger - skip non existing resourceDirectory /home/vickievick/stuffws/stuffsystem/web/src/main/resources
2013-10-26 17:10:13,333 [Worker-0] INFO  o.e.m.c.i.embedder.EclipseLogger - Using 'UTF-8' encoding to copy filtered resources.
2013-10-26 17:10:13,333 [Worker-0] INFO  o.e.m.c.i.embedder.EclipseLogger - skip non existing resourceDirectory /home/vickievick/stuffws/stuffsystem/web/src/test/resources
2013-10-26 17:22:58,340 [Worker-7] INFO  o.e.m.w.i.f.ResourceFilteringBuildParticipant - Cleaning filtered folder for stuffsystem-ear
2013-10-26 17:23:00,279 [Worker-7] INFO  o.e.m.w.i.f.ResourceFilteringBuildParticipant - Cleaning filtered folder for stuffsystem-web
2013-10-26 17:23:01,164 [Worker-8] INFO  o.e.m.c.i.embedder.EclipseLogger - Generating application.xml
2013-10-26 17:23:01,374 [Worker-8] INFO  o.e.m.c.i.embedder.EclipseLogger - Using 'UTF-8' encoding to copy filtered resources.
2013-10-26 17:23:01,374 [Worker-8] INFO  o.e.m.c.i.embedder.EclipseLogger - skip non existing resourceDirectory /home/vickievick/stuffws/stuffsystem/ear/src/main/resources
2013-10-26 17:23:02,808 [Worker-8] INFO  o.e.m.c.i.embedder.EclipseLogger - Using 'UTF-8' encoding to copy filtered resources.
2013-10-26 17:23:02,814 [Worker-8] INFO  o.e.m.c.i.embedder.EclipseLogger - Copying 3 resources
2013-10-26 17:23:02,826 [Worker-8] INFO  o.e.m.c.i.embedder.EclipseLogger - Using 'UTF-8' encoding to copy filtered resources.
2013-10-26 17:23:02,827 [Worker-8] INFO  o.e.m.c.i.embedder.EclipseLogger - Copying 3 resources
2013-10-26 17:23:03,680 [Worker-8] INFO  o.e.m.c.i.embedder.EclipseLogger - Using 'UTF-8' encoding to copy filtered resources.
2013-10-26 17:23:03,680 [Worker-8] INFO  o.e.m.c.i.embedder.EclipseLogger - skip non existing resourceDirectory /home/vickievick/stuffws/stuffsystem/web/src/main/resources
2013-10-26 17:23:03,682 [Worker-8] INFO  o.e.m.c.i.embedder.EclipseLogger - Using 'UTF-8' encoding to copy filtered resources.
2013-10-26 17:23:03,682 [Worker-8] INFO  o.e.m.c.i.embedder.EclipseLogger - skip non existing resourceDirectory /home/vickievick/stuffws/stuffsystem/web/src/test/resources
2013-10-26 17:45:02,120 [Worker-3] INFO  o.e.m.w.i.f.ResourceFilteringBuildParticipant - Cleaning filtered folder for stuffsystem-ear
2013-10-26 17:45:04,120 [Worker-3] INFO  o.e.m.w.i.f.ResourceFilteringBuildParticipant - Cleaning filtered folder for stuffsystem-web
2013-10-26 17:45:05,985 [Worker-5] INFO  o.e.m.c.i.embedder.EclipseLogger - Generating application.xml
2013-10-26 17:45:06,166 [Worker-5] INFO  o.e.m.c.i.embedder.EclipseLogger - Using 'UTF-8' encoding to copy filtered resources.
2013-10-26 17:45:06,166 [Worker-5] INFO  o.e.m.c.i.embedder.EclipseLogger - skip non existing resourceDirectory /home/vickievick/stuffws/stuffsystem/ear/src/main/resources
2013-10-26 17:45:07,093 [Worker-5] INFO  o.e.m.c.i.embedder.EclipseLogger - Using 'UTF-8' encoding to copy filtered resources.
2013-10-26 17:45:07,101 [Worker-5] INFO  o.e.m.c.i.embedder.EclipseLogger - Copying 3 resources
2013-10-26 17:45:07,114 [Worker-5] INFO  o.e.m.c.i.embedder.EclipseLogger - Using 'UTF-8' encoding to copy filtered resources.
2013-10-26 17:45:07,115 [Worker-5] INFO  o.e.m.c.i.embedder.EclipseLogger - Copying 3 resources
2013-10-26 17:45:08,562 [Worker-5] INFO  o.e.m.c.i.embedder.EclipseLogger - Using 'UTF-8' encoding to copy filtered resources.
2013-10-26 17:45:08,562 [Worker-5] INFO  o.e.m.c.i.embedder.EclipseLogger - skip non existing resourceDirectory /home/vickievick/stuffws/stuffsystem/web/src/main/resources
2013-10-26 17:45:08,564 [Worker-5] INFO  o.e.m.c.i.embedder.EclipseLogger - Using 'UTF-8' encoding to copy filtered resources.
2013-10-26 17:45:08,564 [Worker-5] INFO  o.e.m.c.i.embedder.EclipseLogger - skip non existing resourceDirectory /home/vickievick/stuffws/stuffsystem/web/src/test/resources
2013-10-26 17:47:28,340 [Worker-0] INFO  o.e.m.c.i.embedder.EclipseLogger - Using 'UTF-8' encoding to copy filtered resources.
2013-10-26 17:47:28,341 [Worker-0] INFO  o.e.m.c.i.embedder.EclipseLogger - skip non existing resourceDirectory /home/vickievick/stuffws/stuffsystem/web/src/main/resources
2013-10-26 17:47:28,342 [Worker-0] INFO  o.e.m.c.i.embedder.EclipseLogger - Using 'UTF-8' encoding to copy filtered resources.
2013-10-26 17:47:28,343 [Worker-0] INFO  o.e.m.c.i.embedder.EclipseLogger - skip non existing resourceDirectory /home/vickievick/stuffws/stuffsystem/web/src/test/resources
2013-10-26 19:42:50,667 [Worker-57] INFO  o.e.m.w.i.f.ResourceFilteringBuildParticipant - Cleaning filtered folder for stuffsystem-ear
2013-10-26 19:42:50,685 [Worker-57] INFO  o.e.m.w.i.f.ResourceFilteringBuildParticipant - Cleaning filtered folder for stuffsystem-web
2013-10-26 19:42:50,774 [Worker-56] INFO  o.e.m.c.i.embedder.EclipseLogger - Generating application.xml
2013-10-26 19:42:50,780 [Worker-56] INFO  o.e.m.c.i.embedder.EclipseLogger - Using 'UTF-8' encoding to copy filtered resources.
2013-10-26 19:42:50,780 [Worker-56] INFO  o.e.m.c.i.embedder.EclipseLogger - skip non existing resourceDirectory /home/vickievick/stuffws/stuffsystem/ear/src/main/resources
2013-10-26 19:42:50,948 [Worker-56] INFO  o.e.m.c.i.embedder.EclipseLogger - Using 'UTF-8' encoding to copy filtered resources.
2013-10-26 19:42:50,949 [Worker-56] INFO  o.e.m.c.i.embedder.EclipseLogger - Copying 3 resources
2013-10-26 19:42:50,951 [Worker-56] INFO  o.e.m.c.i.embedder.EclipseLogger - Using 'UTF-8' encoding to copy filtered resources.
2013-10-26 19:42:50,951 [Worker-56] INFO  o.e.m.c.i.embedder.EclipseLogger - Copying 3 resources
2013-10-26 19:42:51,070 [Worker-56] INFO  o.e.m.c.i.embedder.EclipseLogger - Using 'UTF-8' encoding to copy filtered resources.
2013-10-26 19:42:51,070 [Worker-56] INFO  o.e.m.c.i.embedder.EclipseLogger - skip non existing resourceDirectory /home/vickievick/stuffws/stuffsystem/web/src/main/resources
2013-10-26 19:42:51,071 [Worker-56] INFO  o.e.m.c.i.embedder.EclipseLogger - Using 'UTF-8' encoding to copy filtered resources.
2013-10-26 19:42:51,071 [Worker-56] INFO  o.e.m.c.i.embedder.EclipseLogger - skip non existing resourceDirectory /home/vickievick/stuffws/stuffsystem/web/src/test/resources
2013-10-26 19:43:30,825 [Worker-1] INFO  o.e.m.w.i.f.ResourceFilteringBuildParticipant - Cleaning filtered folder for stuffsystem-ear
2013-10-26 19:43:33,548 [Worker-1] INFO  o.e.m.w.i.f.ResourceFilteringBuildParticipant - Cleaning filtered folder for stuffsystem-web
2013-10-26 19:43:34,796 [Worker-5] INFO  o.e.m.c.i.embedder.EclipseLogger - Generating application.xml
2013-10-26 19:43:34,993 [Worker-5] INFO  o.e.m.c.i.embedder.EclipseLogger - Using 'UTF-8' encoding to copy filtered resources.
2013-10-26 19:43:34,993 [Worker-5] INFO  o.e.m.c.i.embedder.EclipseLogger - skip non existing resourceDirectory /home/vickievick/stuffws/stuffsystem/ear/src/main/resources
2013-10-26 19:43:36,698 [Worker-5] INFO  o.e.m.c.i.embedder.EclipseLogger - Using 'UTF-8' encoding to copy filtered resources.
2013-10-26 19:43:36,705 [Worker-5] INFO  o.e.m.c.i.embedder.EclipseLogger - Copying 3 resources
2013-10-26 19:43:36,721 [Worker-5] INFO  o.e.m.c.i.embedder.EclipseLogger - Using 'UTF-8' encoding to copy filtered resources.
2013-10-26 19:43:36,724 [Worker-5] INFO  o.e.m.c.i.embedder.EclipseLogger - Copying 3 resources
2013-10-26 19:43:37,550 [Worker-5] INFO  o.e.m.c.i.embedder.EclipseLogger - Using 'UTF-8' encoding to copy filtered resources.
2013-10-26 19:43:37,550 [Worker-5] INFO  o.e.m.c.i.embedder.EclipseLogger - skip non existing resourceDirectory /home/vickievick/stuffws/stuffsystem/web/src/main/resources
2013-10-26 19:43:37,552 [Worker-5] INFO  o.e.m.c.i.embedder.EclipseLogger - Using 'UTF-8' encoding to copy filtered resources.
2013-10-26 19:43:37,552 [Worker-5] INFO  o.e.m.c.i.embedder.EclipseLogger - skip non existing resourceDirectory /home/vickievick/stuffws/stuffsystem/web/src/test/resources
2013-10-26 19:46:18,216 [Worker-11] INFO  o.e.m.w.i.f.ResourceFilteringBuildParticipant - Cleaning filtered folder for stuffsystem-ear
2013-10-26 19:46:18,235 [Worker-11] INFO  o.e.m.w.i.f.ResourceFilteringBuildParticipant - Cleaning filtered folder for stuffsystem-web
2013-10-26 19:46:18,486 [Worker-12] INFO  o.e.m.c.i.embedder.EclipseLogger - Generating application.xml
2013-10-26 19:46:18,490 [Worker-12] INFO  o.e.m.c.i.embedder.EclipseLogger - Using 'UTF-8' encoding to copy filtered resources.
2013-10-26 19:46:18,490 [Worker-12] INFO  o.e.m.c.i.embedder.EclipseLogger - skip non existing resourceDirectory /home/vickievick/stuffws/stuffsystem/ear/src/main/resources
2013-10-26 19:46:18,663 [Worker-12] INFO  o.e.m.c.i.embedder.EclipseLogger - Using 'UTF-8' encoding to copy filtered resources.
2013-10-26 19:46:18,664 [Worker-12] INFO  o.e.m.c.i.embedder.EclipseLogger - Copying 3 resources
2013-10-26 19:46:18,666 [Worker-12] INFO  o.e.m.c.i.embedder.EclipseLogger - Using 'UTF-8' encoding to copy filtered resources.
2013-10-26 19:46:18,667 [Worker-12] INFO  o.e.m.c.i.embedder.EclipseLogger - Copying 3 resources
2013-10-26 19:46:18,777 [Worker-12] INFO  o.e.m.c.i.embedder.EclipseLogger - Using 'UTF-8' encoding to copy filtered resources.
2013-10-26 19:46:18,778 [Worker-12] INFO  o.e.m.c.i.embedder.EclipseLogger - skip non existing resourceDirectory /home/vickievick/stuffws/stuffsystem/web/src/main/resources
2013-10-26 19:46:18,779 [Worker-12] INFO  o.e.m.c.i.embedder.EclipseLogger - Using 'UTF-8' encoding to copy filtered resources.
2013-10-26 19:46:18,779 [Worker-12] INFO  o.e.m.c.i.embedder.EclipseLogger - skip non existing resourceDirectory /home/vickievick/stuffws/stuffsystem/web/src/test/resources
2013-10-26 19:46:36,512 [Worker-7] INFO  o.e.m.w.i.f.ResourceFilteringBuildParticipant - Cleaning filtered folder for stuffsystem-ear
2013-10-26 19:46:36,581 [Worker-7] INFO  o.e.m.w.i.f.ResourceFilteringBuildParticipant - Cleaning filtered folder for stuffsystem-web
2013-10-26 19:46:36,875 [Worker-11] INFO  o.e.m.c.i.embedder.EclipseLogger - Generating application.xml
2013-10-26 19:46:36,896 [Worker-11] INFO  o.e.m.c.i.embedder.EclipseLogger - Using 'UTF-8' encoding to copy filtered resources.
2013-10-26 19:46:36,896 [Worker-11] INFO  o.e.m.c.i.embedder.EclipseLogger - skip non existing resourceDirectory /home/vickievick/stuffws/stuffsystem/ear/src/main/resources
2013-10-26 19:46:37,048 [Worker-11] INFO  o.e.m.c.i.embedder.EclipseLogger - Using 'UTF-8' encoding to copy filtered resources.
2013-10-26 19:46:37,049 [Worker-11] INFO  o.e.m.c.i.embedder.EclipseLogger - Copying 3 resources
2013-10-26 19:46:37,052 [Worker-11] INFO  o.e.m.c.i.embedder.EclipseLogger - Using 'UTF-8' encoding to copy filtered resources.
2013-10-26 19:46:37,053 [Worker-11] INFO  o.e.m.c.i.embedder.EclipseLogger - Copying 3 resources
2013-10-26 19:46:37,154 [Worker-11] INFO  o.e.m.c.i.embedder.EclipseLogger - Using 'UTF-8' encoding to copy filtered resources.
2013-10-26 19:46:37,154 [Worker-11] INFO  o.e.m.c.i.embedder.EclipseLogger - skip non existing resourceDirectory /home/vickievick/stuffws/stuffsystem/web/src/main/resources
2013-10-26 19:46:37,157 [Worker-11] INFO  o.e.m.c.i.embedder.EclipseLogger - Using 'UTF-8' encoding to copy filtered resources.
2013-10-26 19:46:37,157 [Worker-11] INFO  o.e.m.c.i.embedder.EclipseLogger - skip non existing resourceDirectory /home/vickievick/stuffws/stuffsystem/web/src/test/resources
2013-10-26 19:46:59,453 [Worker-10] INFO  o.e.m.w.i.f.ResourceFilteringBuildParticipant - Cleaning filtered folder for stuffsystem-ear
2013-10-26 19:46:59,504 [Worker-10] INFO  o.e.m.w.i.f.ResourceFilteringBuildParticipant - Cleaning filtered folder for stuffsystem-web
2013-10-26 19:46:59,591 [Worker-13] INFO  o.e.m.c.i.embedder.EclipseLogger - Generating application.xml
2013-10-26 19:46:59,596 [Worker-13] INFO  o.e.m.c.i.embedder.EclipseLogger - Using 'UTF-8' encoding to copy filtered resources.
2013-10-26 19:46:59,596 [Worker-13] INFO  o.e.m.c.i.embedder.EclipseLogger - skip non existing resourceDirectory /home/vickievick/stuffws/stuffsystem/ear/src/main/resources
2013-10-26 19:46:59,764 [Worker-13] INFO  o.e.m.c.i.embedder.EclipseLogger - Using 'UTF-8' encoding to copy filtered resources.
2013-10-26 19:46:59,764 [Worker-13] INFO  o.e.m.c.i.embedder.EclipseLogger - Copying 3 resources
2013-10-26 19:46:59,766 [Worker-13] INFO  o.e.m.c.i.embedder.EclipseLogger - Using 'UTF-8' encoding to copy filtered resources.
2013-10-26 19:46:59,767 [Worker-13] INFO  o.e.m.c.i.embedder.EclipseLogger - Copying 3 resources
2013-10-26 19:46:59,859 [Worker-13] INFO  o.e.m.c.i.embedder.EclipseLogger - Using 'UTF-8' encoding to copy filtered resources.
2013-10-26 19:46:59,859 [Worker-13] INFO  o.e.m.c.i.embedder.EclipseLogger - skip non existing resourceDirectory /home/vickievick/stuffws/stuffsystem/web/src/main/resources
2013-10-26 19:46:59,862 [Worker-13] INFO  o.e.m.c.i.embedder.EclipseLogger - Using 'UTF-8' encoding to copy filtered resources.
2013-10-26 19:46:59,862 [Worker-13] INFO  o.e.m.c.i.embedder.EclipseLogger - skip non existing resourceDirectory /home/vickievick/stuffws/stuffsystem/web/src/test/resources
2013-10-26 19:49:29,158 [Worker-5] INFO  o.e.m.w.i.f.ResourceFilteringBuildParticipant - Cleaning filtered folder for stuffsystem-ear
2013-10-26 19:49:29,175 [Worker-5] INFO  o.e.m.w.i.f.ResourceFilteringBuildParticipant - Cleaning filtered folder for stuffsystem-web
2013-10-26 19:49:29,384 [Worker-8] INFO  o.e.m.c.i.embedder.EclipseLogger - Generating application.xml
2013-10-26 19:49:29,389 [Worker-8] INFO  o.e.m.c.i.embedder.EclipseLogger - Using 'UTF-8' encoding to copy filtered resources.
2013-10-26 19:49:29,389 [Worker-8] INFO  o.e.m.c.i.embedder.EclipseLogger - skip non existing resourceDirectory /home/vickievick/stuffws/stuffsystem/ear/src/main/resources
2013-10-26 19:49:29,515 [Worker-8] INFO  o.e.m.c.i.embedder.EclipseLogger - Using 'UTF-8' encoding to copy filtered resources.
2013-10-26 19:49:29,515 [Worker-8] INFO  o.e.m.c.i.embedder.EclipseLogger - Copying 3 resources
2013-10-26 19:49:29,517 [Worker-8] INFO  o.e.m.c.i.embedder.EclipseLogger - Using 'UTF-8' encoding to copy filtered resources.
2013-10-26 19:49:29,518 [Worker-8] INFO  o.e.m.c.i.embedder.EclipseLogger - Copying 3 resources
2013-10-26 19:49:29,614 [Worker-8] INFO  o.e.m.c.i.embedder.EclipseLogger - Using 'UTF-8' encoding to copy filtered resources.
2013-10-26 19:49:29,615 [Worker-8] INFO  o.e.m.c.i.embedder.EclipseLogger - skip non existing resourceDirectory /home/vickievick/stuffws/stuffsystem/web/src/main/resources
2013-10-26 19:49:29,616 [Worker-8] INFO  o.e.m.c.i.embedder.EclipseLogger - Using 'UTF-8' encoding to copy filtered resources.
2013-10-26 19:49:29,616 [Worker-8] INFO  o.e.m.c.i.embedder.EclipseLogger - skip non existing resourceDirectory /home/vickievick/stuffws/stuffsystem/web/src/test/resources
2013-10-26 19:53:41,748 [Worker-1] INFO  o.e.m.w.i.f.ResourceFilteringBuildParticipant - Cleaning filtered folder for stuffsystem-ear
2013-10-26 19:53:43,789 [Worker-1] INFO  o.e.m.w.i.f.ResourceFilteringBuildParticipant - Cleaning filtered folder for stuffsystem-web
2013-10-26 19:53:45,580 [Worker-6] INFO  o.e.m.c.i.embedder.EclipseLogger - Generating application.xml
2013-10-26 19:53:45,774 [Worker-6] INFO  o.e.m.c.i.embedder.EclipseLogger - Using 'UTF-8' encoding to copy filtered resources.
2013-10-26 19:53:45,774 [Worker-6] INFO  o.e.m.c.i.embedder.EclipseLogger - skip non existing resourceDirectory /home/vickievick/stuffws/stuffsystem/ear/src/main/resources
2013-10-26 19:53:46,707 [Worker-6] INFO  o.e.m.c.i.embedder.EclipseLogger - Using 'UTF-8' encoding to copy filtered resources.
2013-10-26 19:53:46,716 [Worker-6] INFO  o.e.m.c.i.embedder.EclipseLogger - Copying 3 resources
2013-10-26 19:53:46,731 [Worker-6] INFO  o.e.m.c.i.embedder.EclipseLogger - Using 'UTF-8' encoding to copy filtered resources.
2013-10-26 19:53:46,732 [Worker-6] INFO  o.e.m.c.i.embedder.EclipseLogger - Copying 3 resources
2013-10-26 19:53:48,243 [Worker-6] INFO  o.e.m.c.i.embedder.EclipseLogger - Using 'UTF-8' encoding to copy filtered resources.
2013-10-26 19:53:48,244 [Worker-6] INFO  o.e.m.c.i.embedder.EclipseLogger - skip non existing resourceDirectory /home/vickievick/stuffws/stuffsystem/web/src/main/resources
2013-10-26 19:53:48,245 [Worker-6] INFO  o.e.m.c.i.embedder.EclipseLogger - Using 'UTF-8' encoding to copy filtered resources.
2013-10-26 19:53:48,245 [Worker-6] INFO  o.e.m.c.i.embedder.EclipseLogger - skip non existing resourceDirectory /home/vickievick/stuffws/stuffsystem/web/src/test/resources
2013-10-26 19:54:55,948 [Worker-7] INFO  o.e.m.w.i.f.ResourceFilteringBuildParticipant - Cleaning filtered folder for stuffsystem-ear
2013-10-26 19:54:55,970 [Worker-7] INFO  o.e.m.w.i.f.ResourceFilteringBuildParticipant - Cleaning filtered folder for stuffsystem-web
2013-10-26 19:54:56,230 [Worker-5] INFO  o.e.m.c.i.embedder.EclipseLogger - Generating application.xml
2013-10-26 19:54:56,235 [Worker-5] INFO  o.e.m.c.i.embedder.EclipseLogger - Using 'UTF-8' encoding to copy filtered resources.
2013-10-26 19:54:56,235 [Worker-5] INFO  o.e.m.c.i.embedder.EclipseLogger - skip non existing resourceDirectory /home/vickievick/stuffws/stuffsystem/ear/src/main/resources
2013-10-26 19:54:56,414 [Worker-5] INFO  o.e.m.c.i.embedder.EclipseLogger - Using 'UTF-8' encoding to copy filtered resources.
2013-10-26 19:54:56,415 [Worker-5] INFO  o.e.m.c.i.embedder.EclipseLogger - Copying 3 resources
2013-10-26 19:54:56,417 [Worker-5] INFO  o.e.m.c.i.embedder.EclipseLogger - Using 'UTF-8' encoding to copy filtered resources.
2013-10-26 19:54:56,418 [Worker-5] INFO  o.e.m.c.i.embedder.EclipseLogger - Copying 3 resources
2013-10-26 19:54:56,552 [Worker-5] INFO  o.e.m.c.i.embedder.EclipseLogger - Using 'UTF-8' encoding to copy filtered resources.
2013-10-26 19:54:56,552 [Worker-5] INFO  o.e.m.c.i.embedder.EclipseLogger - skip non existing resourceDirectory /home/vickievick/stuffws/stuffsystem/web/src/main/resources
2013-10-26 19:54:56,553 [Worker-5] INFO  o.e.m.c.i.embedder.EclipseLogger - Using 'UTF-8' encoding to copy filtered resources.
2013-10-26 19:54:56,553 [Worker-5] INFO  o.e.m.c.i.embedder.EclipseLogger - skip non existing resourceDirectory /home/vickievick/stuffws/stuffsystem/web/src/test/resources
2013-10-26 19:56:48,600 [Worker-7] INFO  o.e.m.w.i.f.ResourceFilteringBuildParticipant - Cleaning filtered folder for stuffsystem-ear
2013-10-26 19:56:48,619 [Worker-7] INFO  o.e.m.w.i.f.ResourceFilteringBuildParticipant - Cleaning filtered folder for stuffsystem-web
2013-10-26 19:56:48,854 [Worker-3] INFO  o.e.m.c.i.embedder.EclipseLogger - Generating application.xml
2013-10-26 19:56:48,858 [Worker-3] INFO  o.e.m.c.i.embedder.EclipseLogger - Using 'UTF-8' encoding to copy filtered resources.
2013-10-26 19:56:48,858 [Worker-3] INFO  o.e.m.c.i.embedder.EclipseLogger - skip non existing resourceDirectory /home/vickievick/stuffws/stuffsystem/ear/src/main/resources
2013-10-26 19:56:49,035 [Worker-3] INFO  o.e.m.c.i.embedder.EclipseLogger - Using 'UTF-8' encoding to copy filtered resources.
2013-10-26 19:56:49,036 [Worker-3] INFO  o.e.m.c.i.embedder.EclipseLogger - Copying 3 resources
2013-10-26 19:56:49,038 [Worker-3] INFO  o.e.m.c.i.embedder.EclipseLogger - Using 'UTF-8' encoding to copy filtered resources.
2013-10-26 19:56:49,039 [Worker-3] INFO  o.e.m.c.i.embedder.EclipseLogger - Copying 3 resources
2013-10-26 19:56:49,133 [Worker-3] INFO  o.e.m.c.i.embedder.EclipseLogger - Using 'UTF-8' encoding to copy filtered resources.
2013-10-26 19:56:49,133 [Worker-3] INFO  o.e.m.c.i.embedder.EclipseLogger - skip non existing resourceDirectory /home/vickievick/stuffws/stuffsystem/web/src/main/resources
2013-10-26 19:56:49,135 [Worker-3] INFO  o.e.m.c.i.embedder.EclipseLogger - Using 'UTF-8' encoding to copy filtered resources.
2013-10-26 19:56:49,135 [Worker-3] INFO  o.e.m.c.i.embedder.EclipseLogger - skip non existing resourceDirectory /home/vickievick/stuffws/stuffsystem/web/src/test/resources
